<?xml version="1.0" encoding="UTF-8"?>
<testsuite xmlns:xsi="http://www.w3.org/2001/XMLSchema-instance" xsi:noNamespaceSchemaLocation="https://maven.apache.org/surefire/maven-surefire-plugin/xsd/surefire-test-report-3.0.xsd" version="3.0" name="com.newsletter.controller.AuthControllerTest" time="8.945" tests="9" errors="0" skipped="0" failures="0">
  <properties>
[...]
</properties>
  <testcase name="accessProtectedEndpoint_withoutToken_forbidden" classname="com.newsletter.controller.AuthControllerTest" time="1.051">
    <system-out><![CDATA[11:40:33.747 [main] INFO org.springframework.test.context.support.AnnotationConfigContextLoaderUtils -- Could not detect default configuration classes for test class [com.newsletter.controller.AuthControllerTest]: AuthControllerTest does not declare any static, non-private, non-final, nested classes annotated with @Configuration.
11:40:34.031 [main] INFO org.springframework.boot.test.context.SpringBootTestContextBootstrapper -- Found @SpringBootConfiguration com.newsletter.NewsletterApiApplication for test class com.newsletter.controller.AuthControllerTest

  .   ____          _            __ _ _
 /\\ / ___'_ __ _ _(_)_ __  __ _ \ \ \ \
( ( )\___ | '_ | '_| | '_ \/ _` | \ \ \ \
 \\/  ___)| |_)| | | | | || (_| |  ) ) ) )
  '  |____| .__|_| |_|_| |_\__, | / / / /
 =========|_|==============|___/=/_/_/_/
 :: Spring Boot ::                (v3.2.0)

2026-05-05T11:40:36.065+02:00  INFO 77204 --- [           main] .s.d.r.c.RepositoryConfigurationDelegate : Bootstrapping Spring Data MongoDB repositories in DEFAULT mode.
2026-05-05T11:40:36.162+02:00  INFO 77204 --- [           main] .s.d.r.c.RepositoryConfigurationDelegate : Finished Spring Data repository scanning in 91 ms. Found 3 MongoDB repository interfaces.
2026-05-05T11:40:37.065+02:00  INFO 77204 --- [9tg.mongodb.net] org.mongodb.driver.cluster               : Adding discovered server ac-vtknpco-shard-00-00.ugxq9tg.mongodb.net:27017 to client view of cluster
2026-05-05T11:40:37.111+02:00  INFO 77204 --- [           main] org.mongodb.driver.client                : MongoClient with metadata {"driver": {"name": "mongo-java-driver|sync|spring-boot", "version": "4.11.1"}, "os": {"type": "Windows", "name": "Windows 11", "architecture": "amd64", "version": "10.0"}, "platform": "Java/Amazon.com Inc./23.0.2+7-FR"} created with settings MongoClientSettings{readPreference=primary, writeConcern=WriteConcern{w=null, wTimeout=null ms, journal=null}, retryWrites=true, retryReads=true, readConcern=ReadConcern{level=null}, credential=MongoCredential{mechanism=null, userName='shalinimano2595_db_user', source='admin', password=<hidden>, mechanismProperties=<hidden>}, transportSettings=null, streamFactoryFactory=null, commandListeners=[], codecRegistry=ProvidersCodecRegistry{codecProviders=[ValueCodecProvider{}, BsonValueCodecProvider{}, DBRefCodecProvider{}, DBObjectCodecProvider{}, DocumentCodecProvider{}, CollectionCodecProvider{}, IterableCodecProvider{}, MapCodecProvider{}, GeoJsonCodecProvider{}, GridFSFileCodecProvider{}, Jsr310CodecProvider{}, JsonObjectCodecProvider{}, BsonCodecProvider{}, EnumCodecProvider{}, com.mongodb.client.model.mql.ExpressionCodecProvider@3a1b36a1, com.mongodb.Jep395RecordCodecProvider@5e1a986c, com.mongodb.KotlinCodecProvider@4b55ff0a]}, loggerSettings=LoggerSettings{maxDocumentLength=1000}, clusterSettings={hosts=[127.0.0.1:27017], srvHost=cluster0.ugxq9tg.mongodb.net, srvServiceName=mongodb, mode=MULTIPLE, requiredClusterType=REPLICA_SET, requiredReplicaSetName='atlas-8yq550-shard-0', serverSelector='null', clusterListeners='[]', serverSelectionTimeout='30000 ms', localThreshold='15 ms'}, socketSettings=SocketSettings{connectTimeoutMS=10000, readTimeoutMS=0, receiveBufferSize=0, proxySettings=ProxySettings{host=null, port=null, username=null, password=null}}, heartbeatSocketSettings=SocketSettings{connectTimeoutMS=10000, readTimeoutMS=10000, receiveBufferSize=0, proxySettings=ProxySettings{host=null, port=null, username=null, password=null}}, connectionPoolSettings=ConnectionPoolSettings{maxSize=100, minSize=0, maxWaitTimeMS=120000, maxConnectionLifeTimeMS=0, maxConnectionIdleTimeMS=0, maintenanceInitialDelayMS=0, maintenanceFrequencyMS=60000, connectionPoolListeners=[], maxConnecting=2}, serverSettings=ServerSettings{heartbeatFrequencyMS=10000, minHeartbeatFrequencyMS=500, serverListeners='[]', serverMonitorListeners='[]'}, sslSettings=SslSettings{enabled=true, invalidHostNameAllowed=false, context=null}, applicationName='null', compressorList=[], uuidRepresentation=JAVA_LEGACY, serverApi=null, autoEncryptionSettings=null, dnsClient=null, inetAddressResolver=null, contextProvider=null}
2026-05-05T11:40:37.124+02:00  INFO 77204 --- [9tg.mongodb.net] org.mongodb.driver.cluster               : Adding discovered server ac-vtknpco-shard-00-02.ugxq9tg.mongodb.net:27017 to client view of cluster
2026-05-05T11:40:37.127+02:00  INFO 77204 --- [9tg.mongodb.net] org.mongodb.driver.cluster               : Adding discovered server ac-vtknpco-shard-00-01.ugxq9tg.mongodb.net:27017 to client view of cluster
2026-05-05T11:40:37.882+02:00  INFO 77204 --- [ngodb.net:27017] org.mongodb.driver.cluster               : Monitor thread successfully connected to server with description ServerDescription{address=ac-vtknpco-shard-00-00.ugxq9tg.mongodb.net:27017, type=REPLICA_SET_SECONDARY, state=CONNECTED, ok=true, minWireVersion=0, maxWireVersion=25, maxDocumentSize=16777216, logicalSessionTimeoutMinutes=30, roundTripTimeNanos=464041900, setName='atlas-8yq550-shard-0', canonicalAddress=ac-vtknpco-shard-00-00.ugxq9tg.mongodb.net:27017, hosts=[ac-vtknpco-shard-00-00.ugxq9tg.mongodb.net:27017, ac-vtknpco-shard-00-01.ugxq9tg.mongodb.net:27017, ac-vtknpco-shard-00-02.ugxq9tg.mongodb.net:27017], passives=[], arbiters=[], primary='ac-vtknpco-shard-00-02.ugxq9tg.mongodb.net:27017', tagSet=TagSet{[Tag{name='availabilityZone', value='euc1-az2'}, Tag{name='cacheState', value='READY'}, Tag{name='diskState', value='READY'}, Tag{name='nodeType', value='ELECTABLE'}, Tag{name='provider', value='AWS'}, Tag{name='region', value='EU_CENTRAL_1'}, Tag{name='workloadType', value='OPERATIONAL'}]}, electionId=null, setVersion=337, topologyVersion=TopologyVersion{processId=69f4ec35988644187e84018b, counter=4}, lastWriteDate=Tue May 05 11:40:41 CEST 2026, lastUpdateTimeNanos=5262344658088300}
2026-05-05T11:40:37.882+02:00  INFO 77204 --- [ngodb.net:27017] org.mongodb.driver.cluster               : Monitor thread successfully connected to server with description ServerDescription{address=ac-vtknpco-shard-00-01.ugxq9tg.mongodb.net:27017, type=REPLICA_SET_SECONDARY, state=CONNECTED, ok=true, minWireVersion=0, maxWireVersion=25, maxDocumentSize=16777216, logicalSessionTimeoutMinutes=30, roundTripTimeNanos=462004000, setName='atlas-8yq550-shard-0', canonicalAddress=ac-vtknpco-shard-00-01.ugxq9tg.mongodb.net:27017, hosts=[ac-vtknpco-shard-00-00.ugxq9tg.mongodb.net:27017, ac-vtknpco-shard-00-01.ugxq9tg.mongodb.net:27017, ac-vtknpco-shard-00-02.ugxq9tg.mongodb.net:27017], passives=[], arbiters=[], primary='ac-vtknpco-shard-00-02.ugxq9tg.mongodb.net:27017', tagSet=TagSet{[Tag{name='availabilityZone', value='euc1-az3'}, Tag{name='cacheState', value='READY'}, Tag{name='diskState', value='READY'}, Tag{name='nodeType', value='ELECTABLE'}, Tag{name='provider', value='AWS'}, Tag{name='region', value='EU_CENTRAL_1'}, Tag{name='workloadType', value='OPERATIONAL'}]}, electionId=null, setVersion=337, topologyVersion=TopologyVersion{processId=69f4f0332a036e741c85ca77, counter=3}, lastWriteDate=Tue May 05 11:40:41 CEST 2026, lastUpdateTimeNanos=5262344658088300}
2026-05-05T11:40:37.882+02:00  INFO 77204 --- [ngodb.net:27017] org.mongodb.driver.cluster               : Monitor thread successfully connected to server with description ServerDescription{address=ac-vtknpco-shard-00-02.ugxq9tg.mongodb.net:27017, type=REPLICA_SET_PRIMARY, state=CONNECTED, ok=true, minWireVersion=0, maxWireVersion=25, maxDocumentSize=16777216, logicalSessionTimeoutMinutes=30, roundTripTimeNanos=465450000, setName='atlas-8yq550-shard-0', canonicalAddress=ac-vtknpco-shard-00-02.ugxq9tg.mongodb.net:27017, hosts=[ac-vtknpco-shard-00-00.ugxq9tg.mongodb.net:27017, ac-vtknpco-shard-00-01.ugxq9tg.mongodb.net:27017, ac-vtknpco-shard-00-02.ugxq9tg.mongodb.net:27017], passives=[], arbiters=[], primary='ac-vtknpco-shard-00-02.ugxq9tg.mongodb.net:27017', tagSet=TagSet{[Tag{name='availabilityZone', value='euc1-az1'}, Tag{name='cacheState', value='READY'}, Tag{name='diskState', value='READY'}, Tag{name='nodeType', value='ELECTABLE'}, Tag{name='provider', value='AWS'}, Tag{name='region', value='EU_CENTRAL_1'}, Tag{name='workloadType', value='OPERATIONAL'}]}, electionId=7fffffff00000000000004b5, setVersion=337, topologyVersion=TopologyVersion{processId=69f4ee62577651ba1b7a4268, counter=6}, lastWriteDate=Tue May 05 11:40:41 CEST 2026, lastUpdateTimeNanos=5262344658088300}
2026-05-05T11:40:37.891+02:00  INFO 77204 --- [ngodb.net:27017] org.mongodb.driver.cluster               : Discovered replica set primary ac-vtknpco-shard-00-02.ugxq9tg.mongodb.net:27017 with max election id 7fffffff00000000000004b5 and max set version 337
2026-05-05T11:40:38.830+02:00  INFO 77204 --- [           main] o.s.s.web.DefaultSecurityFilterChain     : Will secure any request with [org.springframework.security.web.session.DisableEncodeUrlFilter@120411ec, org.springframework.security.web.context.request.async.WebAsyncManagerIntegrationFilter@6cc8adff, org.springframework.security.web.context.SecurityContextHolderFilter@324e8baa, org.springframework.security.web.header.HeaderWriterFilter@154864f8, org.springframework.web.filter.CorsFilter@6b2e9db2, org.springframework.security.web.authentication.logout.LogoutFilter@7d7b4e04, com.newsletter.security.JwtAuthenticationFilter@64dc86c6, org.springframework.security.web.savedrequest.RequestCacheAwareFilter@604f376a, org.springframework.security.web.servletapi.SecurityContextHolderAwareRequestFilter@5432dca2, org.springframework.security.web.authentication.AnonymousAuthenticationFilter@280d5a82, org.springframework.security.web.session.SessionManagementFilter@710afd47, org.springframework.security.web.access.ExceptionTranslationFilter@57f2e67, org.springframework.security.web.access.intercept.AuthorizationFilter@7d90644f]
2026-05-05T11:40:39.471+02:00  INFO 77204 --- [           main] o.s.b.t.m.w.SpringBootMockServletContext : Initializing Spring TestDispatcherServlet ''
2026-05-05T11:40:39.471+02:00  INFO 77204 --- [           main] o.s.t.web.servlet.TestDispatcherServlet  : Initializing Servlet ''
2026-05-05T11:40:39.472+02:00  INFO 77204 --- [           main] o.s.t.web.servlet.TestDispatcherServlet  : Completed initialization in 1 ms
2026-05-05T11:40:40.514+02:00  WARN 77204 --- [           main] o.s.w.s.h.HandlerMappingIntrospector     : Cache miss for REQUEST dispatch to '/api/mailing-lists' (previous null). Performing CorsConfiguration lookup. This is logged once only at WARN level, and every time at TRACE.
]]></system-out>
    <system-err><![CDATA[WARNING: A Java agent has been loaded dynamically (C:\Users\shali\.m2\repository\net\bytebuddy\byte-buddy-agent\1.14.10\byte-buddy-agent-1.14.10.jar)
WARNING: If a serviceability tool is in use, please run with -XX:+EnableDynamicAgentLoading to hide this warning
WARNING: If a serviceability tool is not in use, please run with -Djdk.instrument.traceUsage for more information
WARNING: Dynamic loading of agents will be disallowed by default in a future release
]]></system-err>
  </testcase>
  <testcase name="login_success" classname="com.newsletter.controller.AuthControllerTest" time="0.805"/>
  <testcase name="register_invalidEmail_badRequest" classname="com.newsletter.controller.AuthControllerTest" time="0.039"/>
  <testcase name="register_duplicateEmail_conflict" classname="com.newsletter.controller.AuthControllerTest" time="0.203">
    <system-out><![CDATA[2026-05-05T11:40:41.616+02:00  WARN 77204 --- [           main] c.n.exception.GlobalExceptionHandler     : Duplicate resource: Email 'shared@example.com' is already registered
]]></system-out>
  </testcase>
  <testcase name="register_success" classname="com.newsletter.controller.AuthControllerTest" time="0.168"/>
  <testcase name="login_wrongPassword_unauthorized" classname="com.newsletter.controller.AuthControllerTest" time="0.258"/>
  <testcase name="register_shortPassword_badRequest" classname="com.newsletter.controller.AuthControllerTest" time="0.023"/>
  <testcase name="register_duplicateUsername_conflict" classname="com.newsletter.controller.AuthControllerTest" time="0.191">
    <system-out><![CDATA[2026-05-05T11:40:42.266+02:00  WARN 77204 --- [           main] c.n.exception.GlobalExceptionHandler     : Duplicate resource: Username 'dupuser' is already taken
]]></system-out>
  </testcase>
  <testcase name="login_unknownUser_unauthorized" classname="com.newsletter.controller.AuthControllerTest" time="0.11"/>
</testsuite>