<?xml version="1.0" encoding="UTF-8"?>
<testsuite xmlns:xsi="http://www.w3.org/2001/XMLSchema-instance" xsi:noNamespaceSchemaLocation="https://maven.apache.org/surefire/maven-surefire-plugin/xsd/surefire-test-report-3.0.xsd" version="3.0" name="com.newsletter.controller.CampaignControllerTest" time="5.931" tests="14" errors="0" skipped="0" failures="0">
  <properties>
[...]
</properties>
  <testcase name="deleteCampaign_notFound_404" classname="com.newsletter.controller.CampaignControllerTest" time="0.341">
    <system-out><![CDATA[2026-05-05T11:40:42.415+02:00  INFO 77204 --- [           main] t.c.s.AnnotationConfigContextLoaderUtils : Could not detect default configuration classes for test class [com.newsletter.controller.CampaignControllerTest]: CampaignControllerTest does not declare any static, non-private, non-final, nested classes annotated with @Configuration.
2026-05-05T11:40:42.422+02:00  INFO 77204 --- [           main] .b.t.c.SpringBootTestContextBootstrapper : Found @SpringBootConfiguration com.newsletter.NewsletterApiApplication for test class com.newsletter.controller.CampaignControllerTest
2026-05-05T11:40:42.741+02:00  WARN 77204 --- [           main] c.n.exception.GlobalExceptionHandler     : Resource not found: Campaign not found with id: doesnotexist
]]></system-out>
  </testcase>
  <testcase name="scheduleCampaign_missingMailingList_badRequest" classname="com.newsletter.controller.CampaignControllerTest" time="0.409"/>
  <testcase name="createCampaign_missingName_badRequest" classname="com.newsletter.controller.CampaignControllerTest" time="0.286"/>
  <testcase name="getCampaignById_notFound_404" classname="com.newsletter.controller.CampaignControllerTest" time="0.297">
    <system-out><![CDATA[2026-05-05T11:40:43.742+02:00  WARN 77204 --- [           main] c.n.exception.GlobalExceptionHandler     : Resource not found: Campaign not found with id: nonexistentid
]]></system-out>
  </testcase>
  <testcase name="createCampaign_asDraft" classname="com.newsletter.controller.CampaignControllerTest" time="0.346"/>
  <testcase name="updateCampaign_partialUpdate_onlyChangesProvidedFields" classname="com.newsletter.controller.CampaignControllerTest" time="0.397"/>
  <testcase name="getCampaignById_success" classname="com.newsletter.controller.CampaignControllerTest" time="0.379"/>
  <testcase name="deleteCampaign_success" classname="com.newsletter.controller.CampaignControllerTest" time="0.457">
    <system-out><![CDATA[2026-05-05T11:40:45.313+02:00  WARN 77204 --- [           main] c.n.exception.GlobalExceptionHandler     : Resource not found: Campaign not found with id: 69f9bb1d930b422f5bf48982
]]></system-out>
  </testcase>
  <testcase name="updateCampaign_success" classname="com.newsletter.controller.CampaignControllerTest" time="0.415"/>
  <testcase name="scheduleCampaign_pastDate_badRequest" classname="com.newsletter.controller.CampaignControllerTest" time="0.386"/>
  <testcase name="getAllCampaigns_pagination" classname="com.newsletter.controller.CampaignControllerTest" time="0.749"/>
  <testcase name="campaign_isolatedBetweenUsers" classname="com.newsletter.controller.CampaignControllerTest" time="0.484">
    <system-out><![CDATA[2026-05-05T11:40:47.369+02:00  WARN 77204 --- [           main] c.n.exception.GlobalExceptionHandler     : Resource not found: Campaign not found with id: 69f9bb1f930b422f5bf48992
]]></system-out>
  </testcase>
  <testcase name="scheduleCampaign_success" classname="com.newsletter.controller.CampaignControllerTest" time="0.391"/>
  <testcase name="getAllCampaigns_filterByStatus" classname="com.newsletter.controller.CampaignControllerTest" time="0.554"/>
</testsuite>